<?xml version="1.0" encoding="UTF-8"?>
<!-- Generated by org.testng.reporters.JUnitReportReporter -->
<testsuite hostname="DESKTOP-PKNTG5U" failures="0" tests="5" name="RestAssured.PostLogin" time="11.141" errors="0" timestamp="2025-05-22T10:55:40 IST" skipped="0">
  <testcase classname="RestAssured.PostLogin" name="postExecutionWithDataProvider" time="2.240"/>
  <testcase classname="RestAssured.PostLogin" name="postExecution" time="3.764"/>
  <testcase classname="RestAssured.PostLogin" name="postExecutionWithDataProvider" time="1.628"/>
  <testcase classname="RestAssured.PostLogin" name="postExecutionWithDataProvider" time="1.732"/>
  <testcase classname="RestAssured.PostLogin" name="postExecutionWithDataProvider" time="1.777"/>
</testsuite> <!-- RestAssured.PostLogin -->
