<?xml version="1.0" encoding="UTF-8"?>
<!-- Generated by org.testng.reporters.JUnitReportReporter -->
<testsuite hostname="DESKTOP-PKNTG5U" failures="0" tests="5" name="RestAssured.PostLogin" time="10.745" errors="0" timestamp="2025-05-22T11:17:56 IST" skipped="0">
  <testcase classname="RestAssured.PostLogin" name="postExecutionWithDataProvider" time="1.650"/>
  <testcase classname="RestAssured.PostLogin" name="postExecutionWithDataProvider" time="2.524"/>
  <testcase classname="RestAssured.PostLogin" name="postExecutionWithDataProvider" time="1.472"/>
  <testcase classname="RestAssured.PostLogin" name="postExecutionWithDataProvider" time="1.619"/>
  <testcase classname="RestAssured.PostLogin" name="postExecution" time="3.480"/>
</testsuite> <!-- RestAssured.PostLogin -->
